<?xml version="1.0" encoding="UTF-8"?>
<!-- Generated by org.testng.reporters.JUnitReportReporter -->
<testsuite hostname="DESKTOP-8DDEUSS" failures="0" tests="1" name="testcases.Test_001_LOGIN" time="4.664" errors="0" timestamp="2023-06-28T19:00:55 IST" skipped="0">
  <testcase classname="testcases.Test_001_LOGIN" name="TestLogin" time="4.664"/>
  <system-out/>
</testsuite> <!-- testcases.Test_001_LOGIN -->
